<?xml version="1.0" encoding="UTF-8"?>
<!-- Generated by org.testng.reporters.JUnitReportReporter -->
<testsuite hostname="AmalRaj" failures="0" tests="1" name="testscript.ManageNewsTest" time="10.792" errors="0" timestamp="2025-01-17T10:48:42 IST" skipped="0">
  <testcase classname="testscript.ManageNewsTest" name="verifyUseisabletoClickManagenewsTab" time="10.792"/>
  <system-out/>
</testsuite> <!-- testscript.ManageNewsTest -->
