<?xml version="1.0" encoding="UTF-8"?>
<!-- Generated by org.testng.reporters.JUnitReportReporter -->
<testsuite hostname="AmalRaj" failures="0" tests="1" name="testscript.ManageNewsTest" time="7.858" errors="0" timestamp="2025-01-26T14:26:52 IST" skipped="0">
  <testcase classname="testscript.ManageNewsTest" name="verifyUseisabletoClickManagenewsTab" time="7.858"/>
  <system-out/>
</testsuite> <!-- testscript.ManageNewsTest -->
