<?xml version="1.0" encoding="UTF-8"?>
<!-- Generated by org.testng.reporters.JUnitReportReporter -->
<testsuite hostname="AmalRaj" failures="0" tests="1" name="testscript.LoginTest" time="5.666" errors="0" timestamp="2025-01-26T17:11:15 IST" skipped="0">
  <testcase classname="testscript.LoginTest" name="verifyTheUserIsAbletoLoginUsingValidusernameandwrongpassword" time="5.666"/>
  <system-out/>
</testsuite> <!-- testscript.LoginTest -->
