<?xml version="1.0" encoding="UTF-8"?>
<!-- Generated by org.testng.reporters.JUnitReportReporter -->
<testsuite hostname="AmalRaj" failures="0" tests="1" name="testscript.HomeTest" time="6.656" errors="0" timestamp="2025-01-26T17:18:24 IST" skipped="0">
  <testcase classname="testscript.HomeTest" name="verifyusserisabletosignout" time="6.656"/>
  <system-out/>
</testsuite> <!-- testscript.HomeTest -->
