<?xml version="1.0" encoding="UTF-8"?>
<!-- Generated by org.testng.reporters.JUnitReportReporter -->
<testsuite hostname="AmalRaj" failures="0" tests="1" name="testscript.ManageContactTest" time="7.110" errors="0" timestamp="2025-01-26T17:07:50 IST" skipped="0">
  <testcase classname="testscript.ManageContactTest" name="verifyiftheUpdatebuttinisenableorNot" time="7.110"/>
  <system-out/>
</testsuite> <!-- testscript.ManageContactTest -->
