<?xml version="1.0" encoding="UTF-8"?>
<!-- Generated by org.testng.reporters.JUnitReportReporter -->
<testsuite hostname="AmalRaj" failures="0" tests="1" name="testscript.ManageNewsTest" time="9.935" errors="0" timestamp="2025-01-26T19:43:24 IST" skipped="0">
  <testcase classname="testscript.ManageNewsTest" name="verifyUseisabletoClickManagenewsTab" time="9.935"/>
</testsuite> <!-- testscript.ManageNewsTest -->
